{
  "stats": {
    "suites": 1,
    "tests": 2,
    "passes": 1,
    "pending": 1,
    "failures": 0,
    "start": "2021-06-21T22:47:14.830Z",
    "end": "2021-06-21T22:47:27.365Z",
    "duration": 12535,
    "testsRegistered": 2,
    "passPercent": 100,
    "pendingPercent": 50,
    "other": 0,
    "hasOther": false,
    "skipped": 0,
    "hasSkipped": false
  },
  "results": [
    {
      "uuid": "b42b3f86-247d-4dee-bb21-be8c9bb4103f",
      "title": "",
      "fullFile": "cypress/integration/test.spec.js",
      "file": "cypress/integration/test.spec.js",
      "beforeHooks": [],
      "afterHooks": [],
      "tests": [],
      "suites": [
        {
          "uuid": "7aba8bb4-483b-487a-9c09-0ad7a7f0da0f",
          "title": "Test Login Functionality",
          "fullFile": "",
          "file": "",
          "beforeHooks": [],
          "afterHooks": [],
          "tests": [
            {
              "title": "should login to the website",
              "fullTitle": "Test Login Functionality should login to the website",
              "timedOut": null,
              "duration": 10713,
              "state": "passed",
              "speed": "slow",
              "pass": true,
              "fail": false,
              "pending": false,
              "context": null,
              "code": "",
              "err": {},
              "uuid": "9c9db09f-dfa6-4bbe-bbad-ed7b8b92c2c5",
              "parentUUID": "7aba8bb4-483b-487a-9c09-0ad7a7f0da0f",
              "isHook": false,
              "skipped": false
            },
            {
              "title": "should not login to the website",
              "fullTitle": "Test Login Functionality should not login to the website",
              "timedOut": null,
              "duration": 0,
              "state": "pending",
              "speed": null,
              "pass": false,
              "fail": false,
              "pending": true,
              "context": null,
              "code": "",
              "err": {},
              "uuid": "6bb23b3d-875c-49ce-b0a8-cc5f5c01f3f3",
              "parentUUID": "7aba8bb4-483b-487a-9c09-0ad7a7f0da0f",
              "isHook": false,
              "skipped": false
            }
          ],
          "suites": [],
          "passes": [
            "9c9db09f-dfa6-4bbe-bbad-ed7b8b92c2c5"
          ],
          "failures": [],
          "pending": [
            "6bb23b3d-875c-49ce-b0a8-cc5f5c01f3f3"
          ],
          "skipped": [],
          "duration": 10713,
          "root": false,
          "rootEmpty": false,
          "_timeout": 2000
        }
      ],
      "passes": [],
      "failures": [],
      "pending": [],
      "skipped": [],
      "duration": 0,
      "root": true,
      "rootEmpty": true,
      "_timeout": 2000
    }
  ],
  "meta": {
    "mocha": {
      "version": "7.0.1"
    },
    "mochawesome": {
      "options": {
        "quiet": false,
        "reportFilename": "10pu-cypress-report",
        "saveHtml": true,
        "saveJson": true,
        "consoleReporter": "spec",
        "useInlineDiffs": false,
        "code": false
      },
      "version": "6.2.2"
    },
    "marge": {
      "options": {
        "code": false,
        "overwrite": false,
        "reportFilename": "10pu-cypress-report",
        "autoOpen": true,
        "charts": true
      },
      "version": "5.2.0"
    }
  }
}