{
  "stats": {
    "suites": 1,
    "tests": 2,
    "passes": 1,
    "pending": 1,
    "failures": 0,
    "start": "2021-06-21T22:45:20.285Z",
    "end": "2021-06-21T22:45:32.231Z",
    "duration": 11946,
    "testsRegistered": 2,
    "passPercent": 100,
    "pendingPercent": 50,
    "other": 0,
    "hasOther": false,
    "skipped": 0,
    "hasSkipped": false
  },
  "results": [
    {
      "uuid": "704542ed-bbb7-4ed5-9e39-f7a83930f314",
      "title": "",
      "fullFile": "cypress/integration/test.spec.js",
      "file": "cypress/integration/test.spec.js",
      "beforeHooks": [],
      "afterHooks": [],
      "tests": [],
      "suites": [
        {
          "uuid": "75d36de3-aed2-475c-8e96-116fd37e3c07",
          "title": "Test Login Functionality",
          "fullFile": "",
          "file": "",
          "beforeHooks": [],
          "afterHooks": [],
          "tests": [
            {
              "title": "should login to the website",
              "fullTitle": "Test Login Functionality should login to the website",
              "timedOut": null,
              "duration": 10537,
              "state": "passed",
              "speed": "slow",
              "pass": true,
              "fail": false,
              "pending": false,
              "context": null,
              "code": "",
              "err": {},
              "uuid": "275abf22-7ea5-437c-bd90-2157f0f698ba",
              "parentUUID": "75d36de3-aed2-475c-8e96-116fd37e3c07",
              "isHook": false,
              "skipped": false
            },
            {
              "title": "should not login to the website",
              "fullTitle": "Test Login Functionality should not login to the website",
              "timedOut": null,
              "duration": 0,
              "state": "pending",
              "speed": null,
              "pass": false,
              "fail": false,
              "pending": true,
              "context": null,
              "code": "",
              "err": {},
              "uuid": "48e055a0-cee5-4450-ba1d-48c4e8f711ab",
              "parentUUID": "75d36de3-aed2-475c-8e96-116fd37e3c07",
              "isHook": false,
              "skipped": false
            }
          ],
          "suites": [],
          "passes": [
            "275abf22-7ea5-437c-bd90-2157f0f698ba"
          ],
          "failures": [],
          "pending": [
            "48e055a0-cee5-4450-ba1d-48c4e8f711ab"
          ],
          "skipped": [],
          "duration": 10537,
          "root": false,
          "rootEmpty": false,
          "_timeout": 2000
        }
      ],
      "passes": [],
      "failures": [],
      "pending": [],
      "skipped": [],
      "duration": 0,
      "root": true,
      "rootEmpty": true,
      "_timeout": 2000
    }
  ],
  "meta": {
    "mocha": {
      "version": "7.0.1"
    },
    "mochawesome": {
      "options": {
        "quiet": false,
        "reportFilename": "10pu-cypress-report",
        "saveHtml": true,
        "saveJson": true,
        "consoleReporter": "spec",
        "useInlineDiffs": false,
        "code": false
      },
      "version": "6.2.2"
    },
    "marge": {
      "options": {
        "code": false,
        "overwrite": false,
        "reportFilename": "10pu-cypress-report"
      },
      "version": "5.2.0"
    }
  }
}